<?xml version="1.0" encoding="UTF-8"?>
<!-- Generated by org.testng.reporters.JUnitReportReporter -->
<testsuite hostname="DESKTOP-TI9E2IS" failures="0" tests="1" name="com.training.sanity.tests.LoginTests" time="135.582" errors="0" timestamp="09 Jan 2020 02:21:02 GMT" skipped="0">
  <testcase classname="com.training.sanity.tests.LoginTests" name="validLoginTest" time="135.582"/>
</testsuite> <!-- com.training.sanity.tests.LoginTests -->
